<?xml version="1.0" encoding="UTF-8"?>
<!-- Generated by org.testng.reporters.JUnitReportReporter -->
<testsuite skipped="0" hostname="KHALEDM" name="tests.SearchProductusingAutoSuggest_testcase2" tests="1" failures="0" timestamp="11 Mar 2019 23:02:45 GMT" time="2.430" errors="0">
  <testcase name="UserCanSearchWithAutoComplete" time="2.430" classname="tests.SearchProductusingAutoSuggest_testcase2"/>
</testsuite> <!-- tests.SearchProductusingAutoSuggest_testcase2 -->
