<?xml version="1.0" encoding="UTF-8"?>
<!-- Generated by org.testng.reporters.JUnitReportReporter -->
<testsuite skipped="0" hostname="KHALEDM" name="tests.SearchProductTest_testcase1" tests="1" failures="0" timestamp="11 Mar 2019 23:02:45 GMT" time="5.286" errors="0">
  <testcase name="UserCanSearchForProducts" time="5.286" classname="tests.SearchProductTest_testcase1"/>
</testsuite> <!-- tests.SearchProductTest_testcase1 -->
